  Model.cpp
  Core.cpp
  IBO.cpp
  Material.cpp
  Mesh.cpp
C:\Dev\BasicRenderer\BasicRenderer-Core\src\OGL-Graphics\Mesh.cpp(138,22): warning C4018: '<': signed/unsigned mismatch
  Shader.cpp
  Texture.cpp
  VAO.cpp
C:\Dev\BasicRenderer\BasicRenderer-Core\src\OGL-Graphics\VAO.cpp(18,20): warning C4018: '<': signed/unsigned mismatch
  VBO.cpp
  main.h
C:\Dev\BasicRenderer\BasicRenderer-Core\src\OGL-Graphics\Camera.h(30,8): warning C4305: 'initializing': truncation from 'double' to 'float'
C:\Dev\BasicRenderer\BasicRenderer-Core\src\main.h(116,28): warning C4305: 'argument': truncation from 'double' to 'const float'
C:\Dev\BasicRenderer\BasicRenderer-Core\src\main.h(132,32): warning C4244: 'initializing': conversion from 'double' to 'float', possible loss of data
C:\Dev\BasicRenderer\BasicRenderer-Core\src\main.h(204,25): warning C4244: '=': conversion from 'double' to 'float', possible loss of data
C:\Dev\BasicRenderer\BasicRenderer-Core\src\main.h(205,25): warning C4244: '=': conversion from 'double' to 'float', possible loss of data
C:\Dev\BasicRenderer\BasicRenderer-Core\src\main.h(209,27): warning C4244: 'initializing': conversion from 'double' to 'float', possible loss of data
C:\Dev\BasicRenderer\BasicRenderer-Core\src\main.h(210,27): warning C4244: 'initializing': conversion from 'double' to 'float', possible loss of data
C:\Dev\BasicRenderer\BasicRenderer-Core\src\main.h(212,21): warning C4244: '=': conversion from 'double' to 'float', possible loss of data
C:\Dev\BasicRenderer\BasicRenderer-Core\src\main.h(213,21): warning C4244: '=': conversion from 'double' to 'float', possible loss of data
C:\Dev\BasicRenderer\BasicRenderer-Core\src\main.h(226,49): warning C4244: 'argument': conversion from 'float' to 'int', possible loss of data
C:\Dev\BasicRenderer\BasicRenderer-Core\src\main.h(226,35): warning C4244: 'argument': conversion from 'float' to 'int', possible loss of data
  Generating Code...
  LINK : C:\Dev\BasicRenderer\bin\Win32\Debug\BasicRenderer-Core.exe not found or not built by the last incremental link; performing full link
LINK : warning LNK4098: defaultlib 'MSVCRT' conflicts with use of other libs; use /NODEFAULTLIB:library
LINK : warning LNK4098: defaultlib 'LIBCMT' conflicts with use of other libs; use /NODEFAULTLIB:library
glew32s.lib(glew.obj) : warning LNK4099: PDB '' was not found with 'glew32s.lib(glew.obj)' or at ''; linking object as if no debug info
  BasicRenderer-Core.vcxproj -> C:\Dev\BasicRenderer\bin\Win32\Debug\BasicRenderer-Core.exe
