c:\dev\basicrenderer\bin\inter\win32\debug\vc142.pdb
c:\dev\basicrenderer\bin\inter\win32\debug\vc142.idb
c:\dev\basicrenderer\bin\inter\win32\debug\vbo.obj
c:\dev\basicrenderer\bin\inter\win32\debug\vao.obj
c:\dev\basicrenderer\bin\inter\win32\debug\texture.obj
c:\dev\basicrenderer\bin\inter\win32\debug\shader.obj
c:\dev\basicrenderer\bin\inter\win32\debug\mesh.obj
c:\dev\basicrenderer\bin\inter\win32\debug\material.obj
c:\dev\basicrenderer\bin\inter\win32\debug\ibo.obj
c:\dev\basicrenderer\bin\inter\win32\debug\camera.obj
c:\dev\basicrenderer\bin\inter\win32\debug\main.obj
c:\dev\basicrenderer\bin\inter\win32\debug\core.obj
c:\dev\basicrenderer\bin\inter\win32\debug\model.obj
c:\dev\basicrenderer\bin\inter\win32\debug\graphics_core.obj
c:\dev\basicrenderer\bin\win32\debug\basicrenderer-core.pdb
c:\dev\basicrenderer\bin\win32\debug\basicrenderer-core.idb
c:\dev\basicrenderer\bin\win32\debug\basicrenderer-core.lib
c:\dev\basicrenderer\bin\inter\win32\debug\basicren.9ad23a03.tlog\cl.command.1.tlog
c:\dev\basicrenderer\bin\inter\win32\debug\basicren.9ad23a03.tlog\cl.read.1.tlog
c:\dev\basicrenderer\bin\inter\win32\debug\basicren.9ad23a03.tlog\cl.write.1.tlog
c:\dev\basicrenderer\bin\inter\win32\debug\basicren.9ad23a03.tlog\lib-link.read.1.tlog
c:\dev\basicrenderer\bin\inter\win32\debug\basicren.9ad23a03.tlog\lib-link.write.1.tlog
c:\dev\basicrenderer\bin\inter\win32\debug\basicren.9ad23a03.tlog\lib.command.1.tlog
c:\dev\basicrenderer\bin\inter\win32\debug\basicren.9ad23a03.tlog\link.1080-cvtres.read.1.tlog
c:\dev\basicrenderer\bin\inter\win32\debug\basicren.9ad23a03.tlog\link.1080-cvtres.write.1.tlog
c:\dev\basicrenderer\bin\inter\win32\debug\basicren.9ad23a03.tlog\link.1080-rc.read.1.tlog
c:\dev\basicrenderer\bin\inter\win32\debug\basicren.9ad23a03.tlog\link.1080-rc.write.1.tlog
c:\dev\basicrenderer\bin\inter\win32\debug\basicren.9ad23a03.tlog\link.1080.read.1.tlog
c:\dev\basicrenderer\bin\inter\win32\debug\basicren.9ad23a03.tlog\link.1080.write.1.tlog
c:\dev\basicrenderer\bin\inter\win32\debug\basicren.9ad23a03.tlog\link.command.1.tlog
c:\dev\basicrenderer\bin\inter\win32\debug\basicren.9ad23a03.tlog\link.read.1.tlog
c:\dev\basicrenderer\bin\inter\win32\debug\basicren.9ad23a03.tlog\link.write.1.tlog
